Build started 23.11.2025 16:00:12.
     1>Project "D:\Programm files\ecolab2\eco-lab1\AssemblyFiles\Windows\VisualStudio_10\Eco.Lab1.vcxproj" on node 4 (rebuild target(s)).
     1>_PrepareForClean:
         Deleting file "Eco.Lab1\DynamicDebug\Eco.Lab1.lastbuildstate".
       InitializeBuildStatus:
         Creating "Eco.Lab1\DynamicDebug\Eco.Lab1.unsuccessfulbuild" because "AlwaysCreate" was specified.
       ClCompile:
         D:\Programm files\Visual\VC\bin\CL.exe /c /I..\..\..\HeaderFiles /I..\..\..\SharedFiles /I"D:\Programm files\VS2010Express\Eco.Framework_20250429\Eco.Core1\SharedFiles" /I"D:\Programm files\VS2010Express\Eco.Framework_20250429\Eco.InterfaceBus1\SharedFiles" /I"D:\Programm files\VS2010Express\Eco.Framework_20250429\Eco.System1\SharedFiles" /I"D:\Programm files\VS2010Express\Eco.Framework_20250429\Eco.MemoryManager1\SharedFiles" /I"D:\Programm files\VS2010Express\Eco.Framework_20250429\Eco.FileSystemManagement1\SharedFiles" /I"D:\Programm files\VS2010Express\Eco.Framework_20250429\Eco.List1\SharedFiles" /I"D:\Programm files\001.InsideACOM\Lessons\Lesson02\Eco.CalculatorA\SharedFiles" /I"D:\Programm files\001.InsideACOM\Lessons\Lesson03\Eco.CalculatorB\SharedFiles" /I"D:\Programm files\001.InsideACOM\Lessons\Lesson05\Eco.CalculatorC\SharedFiles" /I"D:\Programm files\001.InsideACOM\Lessons\Lesson06\Eco.CalculatorD\SharedFiles" /I"D:\Programm files\001.InsideACOM\Lessons\Lesson07\Eco.CalculatorE\SharedFiles" /I..\..\..\UnitTestFiles\HeaderFiles /ZI /nologo /W3 /WX- /Od /Oy- /D WIN32 /D _DEBUG /D _WINDOWS /D ECO_WINDOWS /D ECO_X86_32 /D ECO_WIN32 /D ECO_X86_32 /D UGUID_UTILITY /D ECO_DLL /D _WINDLL /D _UNICODE /D UNICODE /Gm /EHsc /RTC1 /MTd /GS /fp:precise /Zc:wchar_t /Zc:forScope /Fo"Eco.Lab1\DynamicDebug\\" /Fd"Eco.Lab1\DynamicDebug\vc100.pdb" /Gz /TC /analyze- /errorReport:prompt ..\..\..\SourceFiles\CEcoLab1.c ..\..\..\SourceFiles\CEcoLab1ConnectionPoint.c ..\..\..\SourceFiles\CEcoLab1EnumConnectionPoints.c ..\..\..\SourceFiles\CEcoLab1EnumConnections.c ..\..\..\SourceFiles\CEcoLab1Factory.c
         CEcoLab1Factory.c
         CEcoLab1EnumConnections.c
         CEcoLab1EnumConnectionPoints.c
         CEcoLab1ConnectionPoint.c
         CEcoLab1.c
         Generating Code...
     1>C:\Program Files (x86)\MSBuild\Microsoft.Cpp\v4.0\Microsoft.CppBuild.targets(990,5): warning MSB8012: TargetPath(D:\Programm files\ecolab2\eco-lab1\AssemblyFiles\Windows\VisualStudio_10\Eco.Lab1\DynamicDebug\1F5DF16EE1BF43B999A434ED38FE8F3A.dll) does not match the Linker's OutputFile property value (D:\Programm files\ecolab2\eco-lab1\BuildFiles\Windows\x86\DynamicDebug\1F5DF16EE1BF43B999A434ED38FE8F3A.dll). This may cause your project to build incorrectly. To correct this, please make sure that $(OutDir), $(TargetName) and $(TargetExt) property values match the value specified in %(Link.OutputFile).
       Link:
         D:\Programm files\Visual\VC\bin\link.exe /ERRORREPORT:PROMPT /OUT:"..\..\..\BuildFiles\Windows\x86\DynamicDebug\1F5DF16EE1BF43B999A434ED38FE8F3A.dll" /NOLOGO kernel32.lib user32.lib gdi32.lib winspool.lib comdlg32.lib advapi32.lib shell32.lib ole32.lib oleaut32.lib uuid.lib odbc32.lib odbccp32.lib /MANIFEST /ManifestFile:"Eco.Lab1\DynamicDebug\1F5DF16EE1BF43B999A434ED38FE8F3A.dll.intermediate.manifest" /MANIFESTUAC:"level='asInvoker' uiAccess='false'" /DEBUG /PDB:"D:\Programm files\ecolab2\eco-lab1\AssemblyFiles\Windows\VisualStudio_10\Eco.Lab1\DynamicDebug\1F5DF16EE1BF43B999A434ED38FE8F3A.pdb" /SUBSYSTEM:WINDOWS /TLBID:1 /DYNAMICBASE /NXCOMPAT /IMPLIB:"D:\Programm files\ecolab2\eco-lab1\AssemblyFiles\Windows\VisualStudio_10\Eco.Lab1\DynamicDebug\1F5DF16EE1BF43B999A434ED38FE8F3A.lib" /MACHINE:X86 /DLL Eco.Lab1\DynamicDebug\CEcoLab1.obj
         Eco.Lab1\DynamicDebug\CEcoLab1ConnectionPoint.obj
         Eco.Lab1\DynamicDebug\CEcoLab1EnumConnectionPoints.obj
         Eco.Lab1\DynamicDebug\CEcoLab1EnumConnections.obj
         Eco.Lab1\DynamicDebug\CEcoLab1Factory.obj
            Creating library D:\Programm files\ecolab2\eco-lab1\AssemblyFiles\Windows\VisualStudio_10\Eco.Lab1\DynamicDebug\1F5DF16EE1BF43B999A434ED38FE8F3A.lib and object D:\Programm files\ecolab2\eco-lab1\AssemblyFiles\Windows\VisualStudio_10\Eco.Lab1\DynamicDebug\1F5DF16EE1BF43B999A434ED38FE8F3A.exp
         Eco.Lab1.vcxproj -> D:\Programm files\ecolab2\eco-lab1\AssemblyFiles\Windows\VisualStudio_10\Eco.Lab1\DynamicDebug\1F5DF16EE1BF43B999A434ED38FE8F3A.dll
       Manifest:
         C:\Program Files (x86)\Microsoft SDKs\Windows\v7.0A\bin\mt.exe /nologo /verbose /outputresource:"..\..\..\BuildFiles\Windows\x86\DynamicDebug\1F5DF16EE1BF43B999A434ED38FE8F3A.dll;#2" /manifest Eco.Lab1\DynamicDebug\1F5DF16EE1BF43B999A434ED38FE8F3A.dll.intermediate.manifest
       FinalizeBuildStatus:
         Deleting file "Eco.Lab1\DynamicDebug\Eco.Lab1.unsuccessfulbuild".
         Touching "Eco.Lab1\DynamicDebug\Eco.Lab1.lastbuildstate".
     1>Done Building Project "D:\Programm files\ecolab2\eco-lab1\AssemblyFiles\Windows\VisualStudio_10\Eco.Lab1.vcxproj" (rebuild target(s)).

Build succeeded.

Time Elapsed 00:00:00.89
