D:\PROGRAMM FILES\ECOLAB2\ECO-LAB1\BUILDFILES\WINDOWS\X86\DYNAMICDEBUG\AE202E543CE54550899603BD70C62565.DLL
D:\Programm files\ecolab2\eco-lab1\BuildFiles\Windows\x86\DynamicDebug\AE202E543CE54550899603BD70C62565.exp
D:\PROGRAMM FILES\ECOLAB2\ECO-LAB1\BUILDFILES\WINDOWS\X86\DYNAMICDEBUG\AE202E543CE54550899603BD70C62565.ILK
D:\Programm files\ecolab2\eco-lab1\BuildFiles\Windows\x86\DynamicDebug\AE202E543CE54550899603BD70C62565.lib
D:\PROGRAMM FILES\ECOLAB2\ECO-LAB1\BUILDFILES\WINDOWS\X86\DYNAMICDEBUG\AE202E543CE54550899603BD70C62565.PDB
D:\PROGRAMM FILES\ECOLAB2\ECO-LAB1\BUILDFILES\WINDOWS\X86\DYNAMICDEBUG\OBJ\ECO.CALCULATORB\AE202E543CE54550899603BD70C62565.DLL.INTERMEDIATE.MANIFEST
D:\PROGRAMM FILES\ECOLAB2\ECO-LAB1\BUILDFILES\WINDOWS\X86\DYNAMICDEBUG\OBJ\ECO.CALCULATORB\CECOCALCULATORB.OBJ
D:\PROGRAMM FILES\ECOLAB2\ECO-LAB1\BUILDFILES\WINDOWS\X86\DYNAMICDEBUG\OBJ\ECO.CALCULATORB\CECOCALCULATORBFACTORY.OBJ
D:\Programm files\ecolab2\eco-lab1\BuildFiles\Windows\x86\DynamicDebug\obj\Eco.CalculatorB\cl.command.1.tlog
D:\Programm files\ecolab2\eco-lab1\BuildFiles\Windows\x86\DynamicDebug\obj\Eco.CalculatorB\CL.read.1.tlog
D:\Programm files\ecolab2\eco-lab1\BuildFiles\Windows\x86\DynamicDebug\obj\Eco.CalculatorB\CL.write.1.tlog
D:\Programm files\ecolab2\eco-lab1\BuildFiles\Windows\x86\DynamicDebug\obj\Eco.CalculatorB\Eco.CalculatorB.vcxprojResolveAssemblyReference.cache
D:\Programm files\ecolab2\eco-lab1\BuildFiles\Windows\x86\DynamicDebug\obj\Eco.CalculatorB\Eco.CalculatorB.write.1.tlog
D:\Programm files\ecolab2\eco-lab1\BuildFiles\Windows\x86\DynamicDebug\obj\Eco.CalculatorB\link.command.1.tlog
D:\Programm files\ecolab2\eco-lab1\BuildFiles\Windows\x86\DynamicDebug\obj\Eco.CalculatorB\link.read.1.tlog
D:\Programm files\ecolab2\eco-lab1\BuildFiles\Windows\x86\DynamicDebug\obj\Eco.CalculatorB\link.write.1.tlog
D:\Programm files\ecolab2\eco-lab1\BuildFiles\Windows\x86\DynamicDebug\obj\Eco.CalculatorB\mt.command.1.tlog
D:\Programm files\ecolab2\eco-lab1\BuildFiles\Windows\x86\DynamicDebug\obj\Eco.CalculatorB\mt.read.1.tlog
D:\Programm files\ecolab2\eco-lab1\BuildFiles\Windows\x86\DynamicDebug\obj\Eco.CalculatorB\mt.write.1.tlog
D:\Programm files\ecolab2\eco-lab1\BuildFiles\Windows\x86\DynamicDebug\obj\Eco.CalculatorB\vc100.idb
D:\PROGRAMM FILES\ECOLAB2\ECO-LAB1\BUILDFILES\WINDOWS\X86\DYNAMICDEBUG\OBJ\ECO.CALCULATORB\VC100.PDB
