Build started 23.11.2025 16:00:10.
     1>Project "D:\Programm files\001.InsideACOM\Lessons\Lesson03\Eco.CalculatorB\AssemblyFiles\Windows\VisualStudio_10\Eco.CalculatorB.vcxproj" on node 3 (rebuild target(s)).
     1>_PrepareForClean:
         Deleting file "D:\Programm files\ecolab2\eco-lab1\BuildFiles\Windows\x86\DynamicDebug\obj\Eco.CalculatorB\Eco.CalculatorB.lastbuildstate".
       InitializeBuildStatus:
         Creating "D:\Programm files\ecolab2\eco-lab1\BuildFiles\Windows\x86\DynamicDebug\obj\Eco.CalculatorB\Eco.CalculatorB.unsuccessfulbuild" because "AlwaysCreate" was specified.
       ClCompile:
         D:\Programm files\Visual\VC\bin\CL.exe /c /I..\..\..\HeaderFiles /I..\..\..\SharedFiles /I"D:\Programm files\VS2010Express\Eco.Framework_20250429\Eco.Core1\SharedFiles" /I"D:\Programm files\VS2010Express\Eco.Framework_20250429\Eco.MemoryManager1\SharedFiles" /I"D:\Programm files\VS2010Express\Eco.Framework_20250429\Eco.InterfaceBus1\SharedFiles" /ZI /nologo /W3 /WX- /Od /Oy- /D ECO_WINDOWS /D ECO_WIN32 /D ECO_X86_32 /D _DEBUG /D _WINDOWS /D ECO_DLL /D UGUID_UTILITY /D _WINDLL /D _UNICODE /D UNICODE /Gm /EHsc /RTC1 /MTd /GS /fp:precise /Zc:wchar_t /Zc:forScope /Fo"D:\Programm files\ecolab2\eco-lab1\BuildFiles\Windows\x86\DynamicDebug\obj\Eco.CalculatorB\\" /Fd"D:\Programm files\ecolab2\eco-lab1\BuildFiles\Windows\x86\DynamicDebug\obj\Eco.CalculatorB\vc100.pdb" /Gz /TC /analyze- /errorReport:prompt ..\..\..\SourceFiles\CEcoCalculatorB.c ..\..\..\SourceFiles\CEcoCalculatorBFactory.c
         CEcoCalculatorBFactory.c
         CEcoCalculatorB.c
         Generating Code...
       Link:
         D:\Programm files\Visual\VC\bin\link.exe /ERRORREPORT:PROMPT /OUT:"D:\Programm files\ecolab2\eco-lab1\BuildFiles\Windows\x86\DynamicDebug\AE202E543CE54550899603BD70C62565.dll" /VERSION:"1.0" /NOLOGO kernel32.lib user32.lib gdi32.lib winspool.lib comdlg32.lib advapi32.lib shell32.lib ole32.lib oleaut32.lib uuid.lib odbc32.lib odbccp32.lib /MANIFEST /ManifestFile:"D:\Programm files\ecolab2\eco-lab1\BuildFiles\Windows\x86\DynamicDebug\obj\Eco.CalculatorB\AE202E543CE54550899603BD70C62565.dll.intermediate.manifest" /MANIFESTUAC:"level='asInvoker' uiAccess='false'" /DEBUG /PDB:"D:\Programm files\ecolab2\eco-lab1\BuildFiles\Windows\x86\DynamicDebug\AE202E543CE54550899603BD70C62565.pdb" /SUBSYSTEM:WINDOWS /TLBID:1 /DYNAMICBASE /NXCOMPAT /IMPLIB:"D:\Programm files\ecolab2\eco-lab1\BuildFiles\Windows\x86\DynamicDebug\AE202E543CE54550899603BD70C62565.lib" /MACHINE:X86 /DLL "D:\Programm files\ecolab2\eco-lab1\BuildFiles\Windows\x86\DynamicDebug\obj\Eco.CalculatorB\CEcoCalculatorB.obj"
         "D:\Programm files\ecolab2\eco-lab1\BuildFiles\Windows\x86\DynamicDebug\obj\Eco.CalculatorB\CEcoCalculatorBFactory.obj"
            Creating library D:\Programm files\ecolab2\eco-lab1\BuildFiles\Windows\x86\DynamicDebug\AE202E543CE54550899603BD70C62565.lib and object D:\Programm files\ecolab2\eco-lab1\BuildFiles\Windows\x86\DynamicDebug\AE202E543CE54550899603BD70C62565.exp
         Eco.CalculatorB.vcxproj -> D:\Programm files\ecolab2\eco-lab1\BuildFiles\Windows\x86\DynamicDebug\AE202E543CE54550899603BD70C62565.dll
       Manifest:
         C:\Program Files (x86)\Microsoft SDKs\Windows\v7.0A\bin\mt.exe /nologo /verbose /outputresource:"D:\Programm files\ecolab2\eco-lab1\BuildFiles\Windows\x86\DynamicDebug\AE202E543CE54550899603BD70C62565.dll;#2" /manifest "D:\Programm files\ecolab2\eco-lab1\BuildFiles\Windows\x86\DynamicDebug\obj\Eco.CalculatorB\AE202E543CE54550899603BD70C62565.dll.intermediate.manifest"
       FinalizeBuildStatus:
         Deleting file "D:\Programm files\ecolab2\eco-lab1\BuildFiles\Windows\x86\DynamicDebug\obj\Eco.CalculatorB\Eco.CalculatorB.unsuccessfulbuild".
         Touching "D:\Programm files\ecolab2\eco-lab1\BuildFiles\Windows\x86\DynamicDebug\obj\Eco.CalculatorB\Eco.CalculatorB.lastbuildstate".
     1>Done Building Project "D:\Programm files\001.InsideACOM\Lessons\Lesson03\Eco.CalculatorB\AssemblyFiles\Windows\VisualStudio_10\Eco.CalculatorB.vcxproj" (rebuild target(s)).

Build succeeded.

Time Elapsed 00:00:01.28
