D:\PROGRAMM FILES\ECOLAB2\ECO-LAB1\BUILDFILES\WINDOWS\X86\DYNAMICDEBUG\4828F6552E4540E78121EBD220DC360E.DLL
D:\Programm files\ecolab2\eco-lab1\BuildFiles\Windows\x86\DynamicDebug\4828F6552E4540E78121EBD220DC360E.exp
D:\PROGRAMM FILES\ECOLAB2\ECO-LAB1\BUILDFILES\WINDOWS\X86\DYNAMICDEBUG\4828F6552E4540E78121EBD220DC360E.ILK
D:\Programm files\ecolab2\eco-lab1\BuildFiles\Windows\x86\DynamicDebug\4828F6552E4540E78121EBD220DC360E.lib
D:\PROGRAMM FILES\ECOLAB2\ECO-LAB1\BUILDFILES\WINDOWS\X86\DYNAMICDEBUG\4828F6552E4540E78121EBD220DC360E.PDB
D:\PROGRAMM FILES\ECOLAB2\ECO-LAB1\BUILDFILES\WINDOWS\X86\DYNAMICDEBUG\OBJ\ECO.CALCULATORA\4828F6552E4540E78121EBD220DC360E.DLL.INTERMEDIATE.MANIFEST
D:\PROGRAMM FILES\ECOLAB2\ECO-LAB1\BUILDFILES\WINDOWS\X86\DYNAMICDEBUG\OBJ\ECO.CALCULATORA\CECOCALCULATORA.OBJ
D:\PROGRAMM FILES\ECOLAB2\ECO-LAB1\BUILDFILES\WINDOWS\X86\DYNAMICDEBUG\OBJ\ECO.CALCULATORA\CECOCALCULATORAFACTORY.OBJ
D:\Programm files\ecolab2\eco-lab1\BuildFiles\Windows\x86\DynamicDebug\obj\Eco.CalculatorA\cl.command.1.tlog
D:\Programm files\ecolab2\eco-lab1\BuildFiles\Windows\x86\DynamicDebug\obj\Eco.CalculatorA\CL.read.1.tlog
D:\Programm files\ecolab2\eco-lab1\BuildFiles\Windows\x86\DynamicDebug\obj\Eco.CalculatorA\CL.write.1.tlog
D:\Programm files\ecolab2\eco-lab1\BuildFiles\Windows\x86\DynamicDebug\obj\Eco.CalculatorA\Eco.CalculatorA.vcxprojResolveAssemblyReference.cache
D:\Programm files\ecolab2\eco-lab1\BuildFiles\Windows\x86\DynamicDebug\obj\Eco.CalculatorA\Eco.CalculatorA.write.1.tlog
D:\Programm files\ecolab2\eco-lab1\BuildFiles\Windows\x86\DynamicDebug\obj\Eco.CalculatorA\link.command.1.tlog
D:\Programm files\ecolab2\eco-lab1\BuildFiles\Windows\x86\DynamicDebug\obj\Eco.CalculatorA\link.read.1.tlog
D:\Programm files\ecolab2\eco-lab1\BuildFiles\Windows\x86\DynamicDebug\obj\Eco.CalculatorA\link.write.1.tlog
D:\Programm files\ecolab2\eco-lab1\BuildFiles\Windows\x86\DynamicDebug\obj\Eco.CalculatorA\mt.command.1.tlog
D:\Programm files\ecolab2\eco-lab1\BuildFiles\Windows\x86\DynamicDebug\obj\Eco.CalculatorA\mt.read.1.tlog
D:\Programm files\ecolab2\eco-lab1\BuildFiles\Windows\x86\DynamicDebug\obj\Eco.CalculatorA\mt.write.1.tlog
D:\Programm files\ecolab2\eco-lab1\BuildFiles\Windows\x86\DynamicDebug\obj\Eco.CalculatorA\vc100.idb
D:\PROGRAMM FILES\ECOLAB2\ECO-LAB1\BUILDFILES\WINDOWS\X86\DYNAMICDEBUG\OBJ\ECO.CALCULATORA\VC100.PDB
