D:\PROGRAMM FILES\ECOLAB2\ECO-LAB1\BUILDFILES\WINDOWS\X86\DYNAMICDEBUG\872FEF1DE3314B87AD44D1E7C232C2F0.DLL
D:\Programm files\ecolab2\eco-lab1\BuildFiles\Windows\x86\DynamicDebug\872FEF1DE3314B87AD44D1E7C232C2F0.exp
D:\PROGRAMM FILES\ECOLAB2\ECO-LAB1\BUILDFILES\WINDOWS\X86\DYNAMICDEBUG\872FEF1DE3314B87AD44D1E7C232C2F0.ILK
D:\Programm files\ecolab2\eco-lab1\BuildFiles\Windows\x86\DynamicDebug\872FEF1DE3314B87AD44D1E7C232C2F0.lib
D:\PROGRAMM FILES\ECOLAB2\ECO-LAB1\BUILDFILES\WINDOWS\X86\DYNAMICDEBUG\872FEF1DE3314B87AD44D1E7C232C2F0.PDB
D:\PROGRAMM FILES\ECOLAB2\ECO-LAB1\BUILDFILES\WINDOWS\X86\DYNAMICDEBUG\OBJ\ECO.CALCULATORE\872FEF1DE3314B87AD44D1E7C232C2F0.DLL.INTERMEDIATE.MANIFEST
D:\PROGRAMM FILES\ECOLAB2\ECO-LAB1\BUILDFILES\WINDOWS\X86\DYNAMICDEBUG\OBJ\ECO.CALCULATORE\CECOCALCULATORE.OBJ
D:\PROGRAMM FILES\ECOLAB2\ECO-LAB1\BUILDFILES\WINDOWS\X86\DYNAMICDEBUG\OBJ\ECO.CALCULATORE\CECOCALCULATOREFACTORY.OBJ
D:\Programm files\ecolab2\eco-lab1\BuildFiles\Windows\x86\DynamicDebug\obj\Eco.CalculatorE\cl.command.1.tlog
D:\Programm files\ecolab2\eco-lab1\BuildFiles\Windows\x86\DynamicDebug\obj\Eco.CalculatorE\CL.read.1.tlog
D:\Programm files\ecolab2\eco-lab1\BuildFiles\Windows\x86\DynamicDebug\obj\Eco.CalculatorE\CL.write.1.tlog
D:\Programm files\ecolab2\eco-lab1\BuildFiles\Windows\x86\DynamicDebug\obj\Eco.CalculatorE\Eco.CalculatorE.vcxprojResolveAssemblyReference.cache
D:\Programm files\ecolab2\eco-lab1\BuildFiles\Windows\x86\DynamicDebug\obj\Eco.CalculatorE\Eco.CalculatorE.write.1.tlog
D:\Programm files\ecolab2\eco-lab1\BuildFiles\Windows\x86\DynamicDebug\obj\Eco.CalculatorE\link.command.1.tlog
D:\Programm files\ecolab2\eco-lab1\BuildFiles\Windows\x86\DynamicDebug\obj\Eco.CalculatorE\link.read.1.tlog
D:\Programm files\ecolab2\eco-lab1\BuildFiles\Windows\x86\DynamicDebug\obj\Eco.CalculatorE\link.write.1.tlog
D:\Programm files\ecolab2\eco-lab1\BuildFiles\Windows\x86\DynamicDebug\obj\Eco.CalculatorE\mt.command.1.tlog
D:\Programm files\ecolab2\eco-lab1\BuildFiles\Windows\x86\DynamicDebug\obj\Eco.CalculatorE\mt.read.1.tlog
D:\Programm files\ecolab2\eco-lab1\BuildFiles\Windows\x86\DynamicDebug\obj\Eco.CalculatorE\mt.write.1.tlog
D:\Programm files\ecolab2\eco-lab1\BuildFiles\Windows\x86\DynamicDebug\obj\Eco.CalculatorE\vc100.idb
D:\PROGRAMM FILES\ECOLAB2\ECO-LAB1\BUILDFILES\WINDOWS\X86\DYNAMICDEBUG\OBJ\ECO.CALCULATORE\VC100.PDB
