Build started 23.11.2025 16:00:10.
     1>Project "D:\Programm files\001.InsideACOM\Lessons\Lesson07\Eco.CalculatorE\AssemblyFiles\Windows\VisualStudio_10\Eco.CalculatorE.vcxproj" on node 5 (rebuild target(s)).
     1>_PrepareForClean:
         Deleting file "D:\Programm files\ecolab2\eco-lab1\BuildFiles\Windows\x86\DynamicDebug\obj\Eco.CalculatorE\Eco.CalculatorE.lastbuildstate".
       InitializeBuildStatus:
         Creating "D:\Programm files\ecolab2\eco-lab1\BuildFiles\Windows\x86\DynamicDebug\obj\Eco.CalculatorE\Eco.CalculatorE.unsuccessfulbuild" because "AlwaysCreate" was specified.
       ClCompile:
         D:\Programm files\Visual\VC\bin\CL.exe /c /I..\..\..\HeaderFiles /I..\..\..\SharedFiles /I..\..\..\..\..\Lesson02\Eco.CalculatorA\SharedFiles /I..\..\..\..\..\Lesson03\Eco.CalculatorB\SharedFiles /I"D:\Programm files\VS2010Express\Eco.Framework_20250429\Eco.Core1\SharedFiles" /I"D:\Programm files\VS2010Express\Eco.Framework_20250429\Eco.MemoryManager1\SharedFiles" /I"D:\Programm files\VS2010Express\Eco.Framework_20250429\Eco.InterfaceBus1\SharedFiles" /ZI /nologo /W3 /WX- /Od /Oy- /D ECO_WINDOWS /D ECO_WIN32 /D ECO_X86_32 /D _DEBUG /D _WINDOWS /D ECO_DLL /D UGUID_UTILITY /D _WINDLL /D _UNICODE /D UNICODE /Gm /EHsc /RTC1 /MTd /GS /fp:precise /Zc:wchar_t /Zc:forScope /Fo"D:\Programm files\ecolab2\eco-lab1\BuildFiles\Windows\x86\DynamicDebug\obj\Eco.CalculatorE\\" /Fd"D:\Programm files\ecolab2\eco-lab1\BuildFiles\Windows\x86\DynamicDebug\obj\Eco.CalculatorE\vc100.pdb" /Gz /TC /analyze- /errorReport:prompt ..\..\..\SourceFiles\CEcoCalculatorE.c ..\..\..\SourceFiles\CEcoCalculatorEFactory.c
         CEcoCalculatorEFactory.c
         CEcoCalculatorE.c
         Generating Code...
       Link:
         D:\Programm files\Visual\VC\bin\link.exe /ERRORREPORT:PROMPT /OUT:"D:\Programm files\ecolab2\eco-lab1\BuildFiles\Windows\x86\DynamicDebug\872FEF1DE3314B87AD44D1E7C232C2F0.dll" /VERSION:"2.0" /NOLOGO kernel32.lib user32.lib gdi32.lib winspool.lib comdlg32.lib advapi32.lib shell32.lib ole32.lib oleaut32.lib uuid.lib odbc32.lib odbccp32.lib /MANIFEST /ManifestFile:"D:\Programm files\ecolab2\eco-lab1\BuildFiles\Windows\x86\DynamicDebug\obj\Eco.CalculatorE\872FEF1DE3314B87AD44D1E7C232C2F0.dll.intermediate.manifest" /MANIFESTUAC:"level='asInvoker' uiAccess='false'" /DEBUG /PDB:"D:\Programm files\ecolab2\eco-lab1\BuildFiles\Windows\x86\DynamicDebug\872FEF1DE3314B87AD44D1E7C232C2F0.pdb" /SUBSYSTEM:WINDOWS /TLBID:1 /DYNAMICBASE /NXCOMPAT /IMPLIB:"D:\Programm files\ecolab2\eco-lab1\BuildFiles\Windows\x86\DynamicDebug\872FEF1DE3314B87AD44D1E7C232C2F0.lib" /MACHINE:X86 /DLL "D:\Programm files\ecolab2\eco-lab1\BuildFiles\Windows\x86\DynamicDebug\obj\Eco.CalculatorE\CEcoCalculatorE.obj"
         "D:\Programm files\ecolab2\eco-lab1\BuildFiles\Windows\x86\DynamicDebug\obj\Eco.CalculatorE\CEcoCalculatorEFactory.obj"
            Creating library D:\Programm files\ecolab2\eco-lab1\BuildFiles\Windows\x86\DynamicDebug\872FEF1DE3314B87AD44D1E7C232C2F0.lib and object D:\Programm files\ecolab2\eco-lab1\BuildFiles\Windows\x86\DynamicDebug\872FEF1DE3314B87AD44D1E7C232C2F0.exp
         Eco.CalculatorE.vcxproj -> D:\Programm files\ecolab2\eco-lab1\BuildFiles\Windows\x86\DynamicDebug\872FEF1DE3314B87AD44D1E7C232C2F0.dll
       Manifest:
         C:\Program Files (x86)\Microsoft SDKs\Windows\v7.0A\bin\mt.exe /nologo /verbose /outputresource:"D:\Programm files\ecolab2\eco-lab1\BuildFiles\Windows\x86\DynamicDebug\872FEF1DE3314B87AD44D1E7C232C2F0.dll;#2" /manifest "D:\Programm files\ecolab2\eco-lab1\BuildFiles\Windows\x86\DynamicDebug\obj\Eco.CalculatorE\872FEF1DE3314B87AD44D1E7C232C2F0.dll.intermediate.manifest"
       FinalizeBuildStatus:
         Deleting file "D:\Programm files\ecolab2\eco-lab1\BuildFiles\Windows\x86\DynamicDebug\obj\Eco.CalculatorE\Eco.CalculatorE.unsuccessfulbuild".
         Touching "D:\Programm files\ecolab2\eco-lab1\BuildFiles\Windows\x86\DynamicDebug\obj\Eco.CalculatorE\Eco.CalculatorE.lastbuildstate".
     1>Done Building Project "D:\Programm files\001.InsideACOM\Lessons\Lesson07\Eco.CalculatorE\AssemblyFiles\Windows\VisualStudio_10\Eco.CalculatorE.vcxproj" (rebuild target(s)).

Build succeeded.

Time Elapsed 00:00:01.12
