D:\PROGRAMM FILES\ECOLAB2\ECO-LAB1\BUILDFILES\WINDOWS\X86\DYNAMICDEBUG\3A8E44677E82475CB4A3719ED8397E61.DLL
D:\Programm files\ecolab2\eco-lab1\BuildFiles\Windows\x86\DynamicDebug\3A8E44677E82475CB4A3719ED8397E61.exp
D:\PROGRAMM FILES\ECOLAB2\ECO-LAB1\BUILDFILES\WINDOWS\X86\DYNAMICDEBUG\3A8E44677E82475CB4A3719ED8397E61.ILK
D:\Programm files\ecolab2\eco-lab1\BuildFiles\Windows\x86\DynamicDebug\3A8E44677E82475CB4A3719ED8397E61.lib
D:\PROGRAMM FILES\ECOLAB2\ECO-LAB1\BUILDFILES\WINDOWS\X86\DYNAMICDEBUG\3A8E44677E82475CB4A3719ED8397E61.PDB
D:\PROGRAMM FILES\ECOLAB2\ECO-LAB1\BUILDFILES\WINDOWS\X86\DYNAMICDEBUG\OBJ\ECO.CALCULATORD\3A8E44677E82475CB4A3719ED8397E61.DLL.INTERMEDIATE.MANIFEST
D:\PROGRAMM FILES\ECOLAB2\ECO-LAB1\BUILDFILES\WINDOWS\X86\DYNAMICDEBUG\OBJ\ECO.CALCULATORD\CECOCALCULATORD.OBJ
D:\PROGRAMM FILES\ECOLAB2\ECO-LAB1\BUILDFILES\WINDOWS\X86\DYNAMICDEBUG\OBJ\ECO.CALCULATORD\CECOCALCULATORDFACTORY.OBJ
D:\Programm files\ecolab2\eco-lab1\BuildFiles\Windows\x86\DynamicDebug\obj\Eco.CalculatorD\cl.command.1.tlog
D:\Programm files\ecolab2\eco-lab1\BuildFiles\Windows\x86\DynamicDebug\obj\Eco.CalculatorD\CL.read.1.tlog
D:\Programm files\ecolab2\eco-lab1\BuildFiles\Windows\x86\DynamicDebug\obj\Eco.CalculatorD\CL.write.1.tlog
D:\Programm files\ecolab2\eco-lab1\BuildFiles\Windows\x86\DynamicDebug\obj\Eco.CalculatorD\Eco.CalculatorD.vcxprojResolveAssemblyReference.cache
D:\Programm files\ecolab2\eco-lab1\BuildFiles\Windows\x86\DynamicDebug\obj\Eco.CalculatorD\Eco.CalculatorD.write.1.tlog
D:\Programm files\ecolab2\eco-lab1\BuildFiles\Windows\x86\DynamicDebug\obj\Eco.CalculatorD\link.command.1.tlog
D:\Programm files\ecolab2\eco-lab1\BuildFiles\Windows\x86\DynamicDebug\obj\Eco.CalculatorD\link.read.1.tlog
D:\Programm files\ecolab2\eco-lab1\BuildFiles\Windows\x86\DynamicDebug\obj\Eco.CalculatorD\link.write.1.tlog
D:\Programm files\ecolab2\eco-lab1\BuildFiles\Windows\x86\DynamicDebug\obj\Eco.CalculatorD\mt.command.1.tlog
D:\Programm files\ecolab2\eco-lab1\BuildFiles\Windows\x86\DynamicDebug\obj\Eco.CalculatorD\mt.read.1.tlog
D:\Programm files\ecolab2\eco-lab1\BuildFiles\Windows\x86\DynamicDebug\obj\Eco.CalculatorD\mt.write.1.tlog
D:\Programm files\ecolab2\eco-lab1\BuildFiles\Windows\x86\DynamicDebug\obj\Eco.CalculatorD\vc100.idb
D:\PROGRAMM FILES\ECOLAB2\ECO-LAB1\BUILDFILES\WINDOWS\X86\DYNAMICDEBUG\OBJ\ECO.CALCULATORD\VC100.PDB
